2018-05-14 21:38:24 +0000  Initial pipeline context: <IDEDistributionProcessingPipelineContext: 0x7fdd9a961170; archive(resolved)='<IDEArchive: 0x7fdd9c2e6e40>', distributionTask(resolved)='1', distributionMethod(resolved)='<IDEDistributionMethodiOSAppStoreDistribution: 0x7fdd9c3cf410>', team(resolved)='<IDEProvisioningBasicTeam: 0x7fdd9d796380; teamID='BLMT83F64F', teamName='Nolan Corcoran'>'>
	Chain (11, self inclusive):
	<IDEDistributionProcessingPipelineContext: 0x7fdd9a961170; archive = '<IDEArchive: 0x7fdd9c2e6e40>', distributionMethod='<IDEDistributionMethodiOSAppStoreDistribution: 0x7fdd9c3cf410>', team='<IDEProvisioningBasicTeam: 0x7fdd9d796380; teamID='BLMT83F64F', teamName='Nolan Corcoran'>'>
	<IDEDistributionProcessingPipelineContext: 0x7fdd9d1eca30; archive = '<IDEArchive: 0x7fdd9c2e6e40>', distributionMethod='<IDEDistributionMethodiOSAppStoreDistribution: 0x7fdd9c3cf410>', team='<IDEProvisioningBasicTeam: 0x7fdd9d796380; teamID='BLMT83F64F', teamName='Nolan Corcoran'>'>
	<IDEDistributionContext: 0x7fdd9d81cf30; archive = '<IDEArchive: 0x7fdd9c2e6e40>', distributionMethod='<IDEDistributionMethodiOSAppStoreDistribution: 0x7fdd9c3cf410>', team='<IDEProvisioningBasicTeam: 0x7fdd9d796380; teamID='BLMT83F64F', teamName='Nolan Corcoran'>'>
	<IDEDistributionContext: 0x7fdd9c99c040; archive = '<IDEArchive: 0x7fdd9c2e6e40>', distributionMethod='<IDEDistributionMethodiOSAppStoreDistribution: 0x7fdd9c3cf410>', team='<IDEProvisioningBasicTeam: 0x7fdd9d796380; teamID='BLMT83F64F', teamName='Nolan Corcoran'>'>
	<IDEDistributionContext: 0x7fddaddf3c80; archive = '<IDEArchive: 0x7fdd9c2e6e40>', distributionMethod='<IDEDistributionMethodiOSAppStoreDistribution: 0x7fdd9c3cf410>', team='<IDEProvisioningBasicTeam: 0x7fdd9d796380; teamID='BLMT83F64F', teamName='Nolan Corcoran'>'>
	<IDEDistributionContext: 0x7fdd9d4f7b60; archive = '<IDEArchive: 0x7fdd9c2e6e40>', distributionMethod='<IDEDistributionMethodiOSAppStoreDistribution: 0x7fdd9c3cf410>', team='<IDEProvisioningBasicTeam: 0x7fdd9d796380; teamID='BLMT83F64F', teamName='Nolan Corcoran'>'>
	<IDEDistributionContext: 0x7fdd9c5e5310; archive = '<IDEArchive: 0x7fdd9c2e6e40>', distributionMethod='<IDEDistributionMethodiOSAppStoreDistribution: 0x7fdd9c3cf410>', team='<IDEProvisioningBasicTeam: 0x7fdd9d796380; teamID='BLMT83F64F', teamName='Nolan Corcoran'>'>
	<IDEDistributionContext: 0x7fdd9d7a2e20; archive = '<IDEArchive: 0x7fdd9c2e6e40>', distributionMethod='<IDEDistributionMethodiOSAppStoreDistribution: 0x7fdd9c3cf410>', team='<IDEProvisioningBasicTeam: 0x7fdd9d796380; teamID='BLMT83F64F', teamName='Nolan Corcoran'>'>
	<IDEDistributionContext: 0x7fdd9c54d8a0; archive = '<IDEArchive: 0x7fdd9c2e6e40>', distributionMethod='<IDEDistributionMethodiOSAppStoreDistribution: 0x7fdd9c3cf410>', team='<IDEProvisioningBasicTeam: 0x7fdd9d796380; teamID='BLMT83F64F', teamName='Nolan Corcoran'>'>
	<IDEDistributionContext: 0x7fdd9c3cf720; archive = '<IDEArchive: 0x7fdd9c2e6e40>', distributionMethod='<IDEDistributionMethodiOSAppStoreDistribution: 0x7fdd9c3cf410>', team='<IDEProvisioningBasicTeam: 0x7fdd9d796380; teamID='BLMT83F64F', teamName='Nolan Corcoran'>'>
	<IDEDistributionContext: 0x7fdd9d82e140; archive = '<IDEArchive: 0x7fdd9c2e6e40>', distributionMethod='(null)', team='(null)'>
</IDEDistributionProcessingPipelineContext: 0x7fdd9a961170>
2018-05-14 21:38:24 +0000  Processing step: IDEDistributionCreateDestRootStep
2018-05-14 21:38:24 +0000  Processing step: IDEDistributionCopyItemStep
2018-05-14 21:38:24 +0000  Running /usr/bin/ditto '-V' '/Users/Nolan/Library/Developer/Xcode/Archives/2018-05-14/client 5-14-18, 4.37 PM.xcarchive/Products/Applications/client.app' '/var/folders/_s/_t3sqj5d6dzbck28m28qmlkm0000gn/T/XcodeDistPipeline.7EF/Root/Payload/client.app'
2018-05-14 21:38:24 +0000  >>> Copying /Users/Nolan/Library/Developer/Xcode/Archives/2018-05-14/client 5-14-18, 4.37 PM.xcarchive/Products/Applications/client.app 
2018-05-14 21:38:24 +0000  copying file ./_CodeSignature/CodeResources ... 
2018-05-14 21:38:24 +0000  13393 bytes for ./_CodeSignature/CodeResources
2018-05-14 21:38:24 +0000  copying file ./Octicons.ttf ... 
2018-05-14 21:38:24 +0000  43920 bytes for ./Octicons.ttf
2018-05-14 21:38:24 +0000  copying file ./Feather.ttf ... 
2018-05-14 21:38:24 +0000  55288 bytes for ./Feather.ttf
2018-05-14 21:38:24 +0000  copying file ./Roboto_medium.ttf ... 
2018-05-14 21:38:24 +0000  137308 bytes for ./Roboto_medium.ttf
2018-05-14 21:38:24 +0000  copying file ./AppIcon20x20@2x.png ... 
2018-05-14 21:38:24 +0000  4720 bytes for ./AppIcon20x20@2x.png
2018-05-14 21:38:24 +0000  copying file ./Entypo.ttf ... 
2018-05-14 21:38:24 +0000  65584 bytes for ./Entypo.ttf
2018-05-14 21:38:24 +0000  copying file ./AppIcon20x20@3x.png ... 
2018-05-14 21:38:24 +0000  5257 bytes for ./AppIcon20x20@3x.png
2018-05-14 21:38:24 +0000  copying file ./MaterialCommunityIcons.ttf ... 
2018-05-14 21:38:24 +0000  322456 bytes for ./MaterialCommunityIcons.ttf
2018-05-14 21:38:24 +0000  copying file ./AppIcon60x60@2x.png ... 
2018-05-14 21:38:24 +0000  14631 bytes for ./AppIcon60x60@2x.png
2018-05-14 21:38:24 +0000  copying file ./AppIcon29x29@2x.png ... 
2018-05-14 21:38:24 +0000  6946 bytes for ./AppIcon29x29@2x.png
2018-05-14 21:38:24 +0000  copying file ./AppIcon40x40@3x.png ... 
2018-05-14 21:38:24 +0000  14631 bytes for ./AppIcon40x40@3x.png
2018-05-14 21:38:24 +0000  copying file ./Foundation.ttf ... 
2018-05-14 21:38:24 +0000  56976 bytes for ./Foundation.ttf
2018-05-14 21:38:24 +0000  copying file ./Ionicons.ttf ... 
2018-05-14 21:38:24 +0000  143936 bytes for ./Ionicons.ttf
2018-05-14 21:38:24 +0000  copying file ./AppIcon40x40@2x.png ... 
2018-05-14 21:38:24 +0000  11492 bytes for ./AppIcon40x40@2x.png
2018-05-14 21:38:24 +0000  copying file ./AppIcon29x29@3x.png ... 
2018-05-14 21:38:24 +0000  11733 bytes for ./AppIcon29x29@3x.png
2018-05-14 21:38:24 +0000  copying file ./AppIcon60x60@3x.png ... 
2018-05-14 21:38:24 +0000  31701 bytes for ./AppIcon60x60@3x.png
2018-05-14 21:38:24 +0000  copying file ./Base.lproj/LaunchScreen.nib ... 
2018-05-14 21:38:24 +0000  3081 bytes for ./Base.lproj/LaunchScreen.nib
2018-05-14 21:38:24 +0000  copying file ./FontAwesome.ttf ... 
2018-05-14 21:38:24 +0000  165548 bytes for ./FontAwesome.ttf
2018-05-14 21:38:24 +0000  copying file ./Zocial.ttf ... 
2018-05-14 21:38:24 +0000  25552 bytes for ./Zocial.ttf
2018-05-14 21:38:24 +0000  copying file ./Roboto.ttf ... 
2018-05-14 21:38:24 +0000  145348 bytes for ./Roboto.ttf
2018-05-14 21:38:24 +0000  copying file ./Assets.car ... 
2018-05-14 21:38:24 +0000  492024 bytes for ./Assets.car
copying file ./main.jsbundle.meta ... 
2018-05-14 21:38:24 +0000  21 bytes for ./main.jsbundle.meta
copying file ./EvilIcons.ttf ... 
2018-05-14 21:38:24 +0000  13128 bytes for ./EvilIcons.ttf
2018-05-14 21:38:24 +0000  copying file ./main.jsbundle ... 
2018-05-14 21:38:24 +0000  2362023 bytes for ./main.jsbundle
copying file ./SimpleLineIcons.ttf ... 
2018-05-14 21:38:24 +0000  54056 bytes for ./SimpleLineIcons.ttf
2018-05-14 21:38:24 +0000  copying file ./embedded.mobileprovision ... 
2018-05-14 21:38:24 +0000  7967 bytes for ./embedded.mobileprovision
2018-05-14 21:38:24 +0000  copying file ./assets/app/assets/logo-kitchen-sink.png ... 
2018-05-14 21:38:24 +0000  52642 bytes for ./assets/app/assets/logo-kitchen-sink.png
2018-05-14 21:38:24 +0000  copying file ./assets/app/assets/penfed.png ... 
2018-05-14 21:38:24 +0000  70647 bytes for ./assets/app/assets/penfed.png
2018-05-14 21:38:24 +0000  copying file ./assets/app/assets/notify.png ... 
2018-05-14 21:38:24 +0000  30180 bytes for ./assets/app/assets/notify.png
2018-05-14 21:38:24 +0000  copying file ./assets/app/assets/creditunionCover.png ... 
2018-05-14 21:38:24 +0000  6035 bytes for ./assets/app/assets/creditunionCover.png
2018-05-14 21:38:24 +0000  copying file ./assets/app/assets/launchscreen-bg.png ... 
2018-05-14 21:38:24 +0000  131812 bytes for ./assets/app/assets/launchscreen-bg.png
2018-05-14 21:38:24 +0000  copying file ./assets/app/assets/creditunion.jpg ... 
2018-05-14 21:38:24 +0000  357888 bytes for ./assets/app/assets/creditunion.jpg
2018-05-14 21:38:24 +0000  copying file ./assets/node_modules/react-navigation/src/views/assets/back-icon@3x.png ... 
2018-05-14 21:38:24 +0000  1848 bytes for ./assets/node_modules/react-navigation/src/views/assets/back-icon@3x.png
2018-05-14 21:38:24 +0000  copying file ./assets/node_modules/react-navigation/src/views/assets/back-icon@2x.png ... 
2018-05-14 21:38:24 +0000  966 bytes for ./assets/node_modules/react-navigation/src/views/assets/back-icon@2x.png
2018-05-14 21:38:24 +0000  copying file ./assets/node_modules/react-navigation/src/views/assets/back-icon.png ... 
2018-05-14 21:38:24 +0000  491 bytes for ./assets/node_modules/react-navigation/src/views/assets/back-icon.png
2018-05-14 21:38:24 +0000  copying file ./assets/node_modules/react-navigation/src/views/assets/back-icon-mask.png ... 
2018-05-14 21:38:24 +0000  1887 bytes for ./assets/node_modules/react-navigation/src/views/assets/back-icon-mask.png
2018-05-14 21:38:24 +0000  copying file ./client ... 
2018-05-14 21:38:25 +0000  31930736 bytes for ./client
copying file ./Info.plist ... 
2018-05-14 21:38:25 +0000  1756 bytes for ./Info.plist
copying file ./PkgInfo ... 
2018-05-14 21:38:25 +0000  /usr/bin/ditto exited with 0
2018-05-14 21:38:25 +0000  Processing step: IDEDistributionEmbedProfileStep
2018-05-14 21:38:25 +0000  
2018-05-14 21:38:25 +0000  8 bytes for ./PkgInfo
copying file ./MaterialIcons.ttf ... 
128180 bytes for ./MaterialIcons.ttf
2018-05-14 21:38:25 +0000  Processing step: IDEDistributionItemRemovalStep
2018-05-14 21:38:25 +0000  Processing step: IDEDistributionAppThinningPlistStep
2018-05-14 21:38:25 +0000  Skipping step: IDEDistributionAppThinningPlistStep because it said so
2018-05-14 21:38:25 +0000  Processing step: IDEDistributionCompileBitcodeStep
2018-05-14 21:38:25 +0000  Skipping step: IDEDistributionCompileBitcodeStep because it said so
2018-05-14 21:38:25 +0000  Processing step: IDEDistributionCodeSlimmingStep
2018-05-14 21:38:25 +0000  Processing step: IDEDistributionCopyBCSymbolMapsStep
2018-05-14 21:38:25 +0000  Running /usr/bin/ditto '-V' '/Users/Nolan/Library/Developer/Xcode/Archives/2018-05-14/client 5-14-18, 4.37 PM.xcarchive/BCSymbolMaps/C7A6B803-C535-3B92-9132-08465DE4D2A6.bcsymbolmap' '/var/folders/_s/_t3sqj5d6dzbck28m28qmlkm0000gn/T/XcodeDistPipeline.7EF/Root/BCSymbolMaps/C7A6B803-C535-3B92-9132-08465DE4D2A6.bcsymbolmap'
2018-05-14 21:38:25 +0000  >>> Copying /Users/Nolan/Library/Developer/Xcode/Archives/2018-05-14/client 5-14-18, 4.37 PM.xcarchive/BCSymbolMaps/C7A6B803-C535-3B92-9132-08465DE4D2A6.bcsymbolmap 
2018-05-14 21:38:25 +0000  copying file ./C7A6B803-C535-3B92-9132-08465DE4D2A6.bcsymbolmap ... 
2018-05-14 21:38:25 +0000  825902 bytes for ./C7A6B803-C535-3B92-9132-08465DE4D2A6.bcsymbolmap
2018-05-14 21:38:25 +0000  
2018-05-14 21:38:25 +0000  
2018-05-14 21:38:25 +0000  2018-05-14 21:38:25 +0000  /usr/bin/ditto exited with 0
2018-05-14 21:38:25 +0000  

2018-05-14 21:38:25 +0000  
2018-05-14 21:38:25 +0000  Running /usr/bin/ditto '-V' '/Users/Nolan/Library/Developer/Xcode/Archives/2018-05-14/client 5-14-18, 4.37 PM.xcarchive/BCSymbolMaps/4C303213-CF84-3FBE-98E5-FE5A1D3E2FE0.bcsymbolmap' '/var/folders/_s/_t3sqj5d6dzbck28m28qmlkm0000gn/T/XcodeDistPipeline.7EF/Root/BCSymbolMaps/4C303213-CF84-3FBE-98E5-FE5A1D3E2FE0.bcsymbolmap'
2018-05-14 21:38:25 +0000  >>> Copying /Users/Nolan/Library/Developer/Xcode/Archives/2018-05-14/client 5-14-18, 4.37 PM.xcarchive/BCSymbolMaps/4C303213-CF84-3FBE-98E5-FE5A1D3E2FE0.bcsymbolmap 
2018-05-14 21:38:25 +0000  copying file ./4C303213-CF84-3FBE-98E5-FE5A1D3E2FE0.bcsymbolmap ... 
2018-05-14 21:38:25 +0000  832424 bytes for ./4C303213-CF84-3FBE-98E5-FE5A1D3E2FE0.bcsymbolmap
2018-05-14 21:38:25 +0000  
2018-05-14 21:38:25 +0000  
2018-05-14 21:38:25 +0000  /usr/bin/ditto exited with 0
2018-05-14 21:38:25 +0000  2018-05-14 21:38:25 +0000  

2018-05-14 21:38:25 +0000  Processing step: IDEDistributionSymbolsStep
2018-05-14 21:38:25 +0000  Excluding symbols for client.app
2018-05-14 21:38:25 +0000  Processing step: IDEDistributionCopyAppleProvidedContentStep
2018-05-14 21:38:25 +0000  Processing step: IDEDistributionAppThinningStep
2018-05-14 21:38:26 +0000  Skipping step: IDEDistributionAppThinningStep because it said so
2018-05-14 21:38:26 +0000  Processing step: IDEDistributionODRStep
2018-05-14 21:38:26 +0000  Processing step: IDEDistributionStripXattrsStep
2018-05-14 21:38:26 +0000  Running /usr/bin/xattr '-crs' '/var/folders/_s/_t3sqj5d6dzbck28m28qmlkm0000gn/T/XcodeDistPipeline.7EF/Root/Payload/client.app'
2018-05-14 21:38:27 +0000  
2018-05-14 21:38:27 +0000  2018-05-14 21:38:27 +0000  /usr/bin/xattr exited with 0

2018-05-14 21:38:27 +0000  
2018-05-14 21:38:27 +0000  Processing step: IDEDistributionCodesignStep
2018-05-14 21:38:27 +0000  Entitlements for <IDEDistributionItem: 0x7fdd9ce52980 'com.creditunion.client.app' '<DVTFilePath:0x7fdd9acda9e0:'/Users/Nolan/Library/Developer/Xcode/Archives/2018-05-14/client 5-14-18, 4.37 PM.xcarchive/Products/Applications/client.app'>'>: {
    "application-identifier" = "BLMT83F64F.com.creditunion.client.app";
    "aps-environment" = production;
    "beta-reports-active" = 1;
    "com.apple.developer.team-identifier" = BLMT83F64F;
    "get-task-allow" = 0;
}
2018-05-14 21:38:27 +0000  Writing entitlements for <IDEDistributionItem: 0x7fdd9ce52980 'com.creditunion.client.app' '<DVTFilePath:0x7fdd9acda9e0:'/Users/Nolan/Library/Developer/Xcode/Archives/2018-05-14/client 5-14-18, 4.37 PM.xcarchive/Products/Applications/client.app'>'> to: /var/folders/_s/_t3sqj5d6dzbck28m28qmlkm0000gn/T/XcodeDistPipeline.7EF/entitlementsolgpLv
2018-05-14 21:38:27 +0000  Running /usr/bin/codesign '-vvv' '--force' '--sign' '539D7615FBA561C7084BED25767BA4C2DD873EE1' '--preserve-metadata=identifier,flags' '--entitlements' '/var/folders/_s/_t3sqj5d6dzbck28m28qmlkm0000gn/T/XcodeDistPipeline.7EF/entitlementsolgpLv' '/var/folders/_s/_t3sqj5d6dzbck28m28qmlkm0000gn/T/XcodeDistPipeline.7EF/Root/Payload/client.app'
2018-05-14 21:38:36 +0000  /var/folders/_s/_t3sqj5d6dzbck28m28qmlkm0000gn/T/XcodeDistPipeline.7EF/Root/Payload/client.app: signed app bundle with Mach-O universal (armv7 arm64) [com.creditunion.client.app]
2018-05-14 21:38:36 +0000  
2018-05-14 21:38:36 +0000  
2018-05-14 21:38:36 +0000  2018-05-14 21:38:36 +0000  /usr/bin/codesign exited with 0
2018-05-14 21:38:36 +0000  

2018-05-14 21:38:36 +0000  Processing step: IDEDistributionStreamingZipItemStep
2018-05-14 21:38:36 +0000  Skipping step: IDEDistributionStreamingZipItemStep because it said so
2018-05-14 21:38:36 +0000  Processing step: IDEDistributionCreateIPAStep
2018-05-14 21:38:36 +0000  Running /usr/bin/ditto '-V' '-c' '-k' '--norsrc' '/var/folders/_s/_t3sqj5d6dzbck28m28qmlkm0000gn/T/XcodeDistPipeline.7EF/Root' '/var/folders/_s/_t3sqj5d6dzbck28m28qmlkm0000gn/T/XcodeDistPipeline.7EF/Packages/client.ipa'
2018-05-14 21:38:36 +0000  >>> Copying /var/folders/_s/_t3sqj5d6dzbck28m28qmlkm0000gn/T/XcodeDistPipeline.7EF/Root 
2018-05-14 21:38:36 +0000  copying file ./BCSymbolMaps/4C303213-CF84-3FBE-98E5-FE5A1D3E2FE0.bcsymbolmap ... 
2018-05-14 21:38:36 +0000  832424 bytes for ./BCSymbolMaps/4C303213-CF84-3FBE-98E5-FE5A1D3E2FE0.bcsymbolmap
2018-05-14 21:38:36 +0000  copying file ./BCSymbolMaps/C7A6B803-C535-3B92-9132-08465DE4D2A6.bcsymbolmap ... 
2018-05-14 21:38:37 +0000  825902 bytes for ./BCSymbolMaps/C7A6B803-C535-3B92-9132-08465DE4D2A6.bcsymbolmap
2018-05-14 21:38:37 +0000  copying file ./Payload/client.app/_CodeSignature/CodeResources ... 
2018-05-14 21:38:37 +0000  13393 bytes for ./Payload/client.app/_CodeSignature/CodeResources
2018-05-14 21:38:37 +0000  copying file ./Payload/client.app/Octicons.ttf ... 
2018-05-14 21:38:37 +0000  43920 bytes for ./Payload/client.app/Octicons.ttf
copying file ./Payload/client.app/Feather.ttf ... 
2018-05-14 21:38:37 +0000  55288 bytes for ./Payload/client.app/Feather.ttf
2018-05-14 21:38:37 +0000  copying file ./Payload/client.app/Roboto_medium.ttf ... 
2018-05-14 21:38:37 +0000  137308 bytes for ./Payload/client.app/Roboto_medium.ttf
2018-05-14 21:38:37 +0000  copying file ./Payload/client.app/AppIcon20x20@2x.png ... 
2018-05-14 21:38:37 +0000  4720 bytes for ./Payload/client.app/AppIcon20x20@2x.png
copying file ./Payload/client.app/Entypo.ttf ... 
2018-05-14 21:38:37 +0000  65584 bytes for ./Payload/client.app/Entypo.ttf
2018-05-14 21:38:37 +0000  copying file ./Payload/client.app/AppIcon20x20@3x.png ... 
2018-05-14 21:38:37 +0000  5257 bytes for ./Payload/client.app/AppIcon20x20@3x.png
copying file ./Payload/client.app/MaterialCommunityIcons.ttf ... 
2018-05-14 21:38:37 +0000  322456 bytes for ./Payload/client.app/MaterialCommunityIcons.ttf
2018-05-14 21:38:37 +0000  copying file ./Payload/client.app/AppIcon60x60@2x.png ... 
2018-05-14 21:38:37 +0000  14631 bytes for ./Payload/client.app/AppIcon60x60@2x.png
2018-05-14 21:38:37 +0000  copying file ./Payload/client.app/AppIcon29x29@2x.png ... 
2018-05-14 21:38:37 +0000  6946 bytes for ./Payload/client.app/AppIcon29x29@2x.png
2018-05-14 21:38:37 +0000  copying file ./Payload/client.app/AppIcon40x40@3x.png ... 
2018-05-14 21:38:37 +0000  14631 bytes for ./Payload/client.app/AppIcon40x40@3x.png
2018-05-14 21:38:37 +0000  copying file ./Payload/client.app/Foundation.ttf ... 
2018-05-14 21:38:37 +0000  56976 bytes for ./Payload/client.app/Foundation.ttf
copying file ./Payload/client.app/Ionicons.ttf ... 
2018-05-14 21:38:37 +0000  143936 bytes for ./Payload/client.app/Ionicons.ttf
copying file ./Payload/client.app/AppIcon40x40@2x.png ... 
2018-05-14 21:38:37 +0000  11492 bytes for ./Payload/client.app/AppIcon40x40@2x.png
copying file ./Payload/client.app/AppIcon29x29@3x.png ... 
2018-05-14 21:38:37 +0000  11733 bytes for ./Payload/client.app/AppIcon29x29@3x.png
2018-05-14 21:38:37 +0000  copying file ./Payload/client.app/AppIcon60x60@3x.png ... 
2018-05-14 21:38:37 +0000  31701 bytes for ./Payload/client.app/AppIcon60x60@3x.png
2018-05-14 21:38:37 +0000  copying file ./Payload/client.app/Base.lproj/LaunchScreen.nib ... 
2018-05-14 21:38:37 +0000  3081 bytes for ./Payload/client.app/Base.lproj/LaunchScreen.nib
2018-05-14 21:38:37 +0000  copying file ./Payload/client.app/FontAwesome.ttf ... 
2018-05-14 21:38:37 +0000  165548 bytes for ./Payload/client.app/FontAwesome.ttf
copying file ./Payload/client.app/Zocial.ttf ... 
2018-05-14 21:38:37 +0000  25552 bytes for ./Payload/client.app/Zocial.ttf
copying file ./Payload/client.app/Roboto.ttf ... 
2018-05-14 21:38:37 +0000  145348 bytes for ./Payload/client.app/Roboto.ttf
2018-05-14 21:38:37 +0000  copying file ./Payload/client.app/Assets.car ... 
2018-05-14 21:38:37 +0000  492024 bytes for ./Payload/client.app/Assets.car
2018-05-14 21:38:37 +0000  copying file ./Payload/client.app/main.jsbundle.meta ... 
21 bytes for ./Payload/client.app/main.jsbundle.meta
copying file ./Payload/client.app/EvilIcons.ttf ... 
2018-05-14 21:38:37 +0000  13128 bytes for ./Payload/client.app/EvilIcons.ttf
copying file ./Payload/client.app/main.jsbundle ... 
2018-05-14 21:38:37 +0000  2362023 bytes for ./Payload/client.app/main.jsbundle
copying file ./Payload/client.app/SimpleLineIcons.ttf ... 
2018-05-14 21:38:37 +0000  54056 bytes for ./Payload/client.app/SimpleLineIcons.ttf
copying file ./Payload/client.app/embedded.mobileprovision ... 
2018-05-14 21:38:37 +0000  7910 bytes for ./Payload/client.app/embedded.mobileprovision
2018-05-14 21:38:37 +0000  copying file ./Payload/client.app/assets/app/assets/logo-kitchen-sink.png ... 
2018-05-14 21:38:37 +0000  52642 bytes for ./Payload/client.app/assets/app/assets/logo-kitchen-sink.png
2018-05-14 21:38:37 +0000  copying file ./Payload/client.app/assets/app/assets/penfed.png ... 
2018-05-14 21:38:37 +0000  70647 bytes for ./Payload/client.app/assets/app/assets/penfed.png
2018-05-14 21:38:37 +0000  copying file ./Payload/client.app/assets/app/assets/notify.png ... 
2018-05-14 21:38:37 +0000  30180 bytes for ./Payload/client.app/assets/app/assets/notify.png
copying file ./Payload/client.app/assets/app/assets/creditunionCover.png ... 
2018-05-14 21:38:37 +0000  6035 bytes for ./Payload/client.app/assets/app/assets/creditunionCover.png
2018-05-14 21:38:37 +0000  copying file ./Payload/client.app/assets/app/assets/launchscreen-bg.png ... 
2018-05-14 21:38:37 +0000  131812 bytes for ./Payload/client.app/assets/app/assets/launchscreen-bg.png
2018-05-14 21:38:37 +0000  copying file ./Payload/client.app/assets/app/assets/creditunion.jpg ... 
2018-05-14 21:38:37 +0000  357888 bytes for ./Payload/client.app/assets/app/assets/creditunion.jpg
2018-05-14 21:38:37 +0000  copying file ./Payload/client.app/assets/node_modules/react-navigation/src/views/assets/back-icon@3x.png ... 
2018-05-14 21:38:37 +0000  1848 bytes for ./Payload/client.app/assets/node_modules/react-navigation/src/views/assets/back-icon@3x.png
2018-05-14 21:38:37 +0000  copying file ./Payload/client.app/assets/node_modules/react-navigation/src/views/assets/back-icon@2x.png ... 
2018-05-14 21:38:37 +0000  966 bytes for ./Payload/client.app/assets/node_modules/react-navigation/src/views/assets/back-icon@2x.png
copying file ./Payload/client.app/assets/node_modules/react-navigation/src/views/assets/back-icon.png ... 
2018-05-14 21:38:37 +0000  491 bytes for ./Payload/client.app/assets/node_modules/react-navigation/src/views/assets/back-icon.png
copying file ./Payload/client.app/assets/node_modules/react-navigation/src/views/assets/back-icon-mask.png ... 
2018-05-14 21:38:37 +0000  1887 bytes for ./Payload/client.app/assets/node_modules/react-navigation/src/views/assets/back-icon-mask.png
2018-05-14 21:38:37 +0000  copying file ./Payload/client.app/client ... 
2018-05-14 21:38:38 +0000  27598608 bytes for ./Payload/client.app/client
copying file ./Payload/client.app/Info.plist ... 
2018-05-14 21:38:38 +0000  1756 bytes for ./Payload/client.app/Info.plist
copying file ./Payload/client.app/PkgInfo ... 
8 bytes for ./Payload/client.app/PkgInfo
copying file ./Payload/client.app/MaterialIcons.ttf ... 
2018-05-14 21:38:38 +0000  128180 bytes for ./Payload/client.app/MaterialIcons.ttf
2018-05-14 21:38:38 +0000  
2018-05-14 21:38:38 +0000  /usr/bin/ditto exited with 0
2018-05-14 21:38:38 +0000  2018-05-14 21:38:38 +0000  

2018-05-14 21:38:38 +0000  Processing step: IDEDistributionCreateManifestStep
2018-05-14 21:38:38 +0000  Skipping step: IDEDistributionCreateManifestStep because it said so
